<?xml version="1.0" encoding="UTF-8"?>
<testng-results skipped="0" failed="0" ignored="0" total="2" passed="2">
  <reporter-output>
  </reporter-output>
  <suite name="Default suite" duration-ms="59122" started-at="2021-01-06T03:25:57Z" finished-at="2021-01-06T03:26:56Z">
    <groups>
    </groups>
    <test name="Default test" duration-ms="59122" started-at="2021-01-06T03:25:57Z" finished-at="2021-01-06T03:26:56Z">
      <class name="testCase.Test_Login_Page">
        <test-method status="PASS" signature="login_test()[pri:0, instance:testCase.Test_Login_Page@3bfdc050]" name="login_test" duration-ms="22887" started-at="2021-01-06T03:25:57Z" finished-at="2021-01-06T03:26:20Z">
          <reporter-output>
          </reporter-output>
        </test-method> <!-- login_test -->
        <test-method status="PASS" signature="get_item_Name()[pri:1, instance:testCase.Test_Login_Page@3bfdc050]" name="get_item_Name" duration-ms="36105" started-at="2021-01-06T03:26:20Z" finished-at="2021-01-06T03:26:56Z">
          <reporter-output>
          </reporter-output>
        </test-method> <!-- get_item_Name -->
        <test-method status="PASS" signature="Teardown()[pri:0, instance:testCase.Test_Login_Page@3bfdc050]" name="Teardown" is-config="true" duration-ms="1282" started-at="2021-01-06T03:26:56Z" finished-at="2021-01-06T03:26:58Z">
          <reporter-output>
          </reporter-output>
        </test-method> <!-- Teardown -->
      </class> <!-- testCase.Test_Login_Page -->
    </test> <!-- Default test -->
  </suite> <!-- Default suite -->
</testng-results>
